SPARK Simplifier GPL 2011
Copyright (C) 2011 Altran Praxis Limited, Bath, U.K.

Reading 
          d:/sparkdev/tis2011/code/core/auditlog/addelementtologfilewithtruncatechecks.fdl 
          (for inherited FDL type declarations)
Reading 
          d:/sparkdev/tis2011/code/core/auditlog/addelementtologfilewithtruncatechecks.rlu 
          (for user-defined proof rules)
Processing 
          d:/sparkdev/tis2011/code/core/auditlog/addelementtologfilewithtruncatechecks.vcg 
          ...
Simplified VC: 1 - All conclusions proved
Simplified VC: 2 - All conclusions proved
Simplified VC: 3 - 2 conclusions remain unproven
Simplified VC: 4 - All conclusions proved
Simplified VC: 5 - All conclusions proved
Simplified VC: 6 - All conclusions proved
Simplified VC: 7 - All conclusions proved
Simplified VC: 8 - All conclusions proved
Simplified VC: 9 - All conclusions proved



Automatic simplification completed.

Simplified output sent to 
          d:/sparkdev/tis2011/code/core/auditlog/addelementtologfilewithtruncatechecks.siv.
          
