SPARK Simplifier GPL 2011
Copyright (C) 2011 Altran Praxis Limited, Bath, U.K.

Reading d:/sparkdev/tis2011/code/core/keystore/digest.fdl (for inherited FDL 
          type declarations)
Reading d:/sparkdev/tis2011/code/core/keystore/keystore.rlu (for user-defined 
          proof rules)
Reading d:/sparkdev/tis2011/code/core/keystore/digest.rlu (for user-defined 
          proof rules)
Processing d:/sparkdev/tis2011/code/core/keystore/digest.vcg ...
Simplified VC: 1 - All conclusions proved
Simplified VC: 2 - All conclusions proved
Simplified VC: 3 - All conclusions proved
Simplified VC: 4 - All conclusions proved
Simplified VC: 5 - All conclusions proved
Simplified VC: 6 - All conclusions proved
Simplified VC: 7 - All conclusions proved
Simplified VC: 8 - All conclusions proved
Simplified VC: 9 - Proved by contradiction within hypotheses
Simplified VC: 10 - All conclusions proved
Simplified VC: 11 - All conclusions proved
Simplified VC: 12 - All conclusions proved
Simplified VC: 13 - All conclusions proved
Simplified VC: 14 - All conclusions proved
Simplified VC: 15 - All conclusions proved
Simplified VC: 16 - All conclusions proved
Simplified VC: 17 - All conclusions proved
Simplified VC: 18 - All conclusions proved
Simplified VC: 19 - All conclusions proved
Simplified VC: 20 - Proved by contradiction within hypotheses
Simplified VC: 21 - All conclusions proved
Simplified VC: 22 - All conclusions proved
Simplified VC: 23 - All conclusions proved
Simplified VC: 24 - All conclusions proved
Simplified VC: 25 - All conclusions proved
Simplified VC: 26 - All conclusions proved
Simplified VC: 27 - All conclusions proved
Simplified VC: 28 - All conclusions proved
Simplified VC: 29 - All conclusions proved
Simplified VC: 30 - All conclusions proved
Simplified VC: 31 - All conclusions proved
Simplified VC: 32 - All conclusions proved
Simplified VC: 33 - All conclusions proved
Simplified VC: 34 - All conclusions proved
Simplified VC: 35 - All conclusions proved
Simplified VC: 36 - All conclusions proved
Simplified VC: 37 - All conclusions proved
Simplified VC: 38 - All conclusions proved
Simplified VC: 39 - All conclusions proved
Simplified VC: 40 - All conclusions proved
Simplified VC: 41 - All conclusions proved
Simplified VC: 42 - All conclusions proved
Simplified VC: 43 - All conclusions proved
Simplified VC: 44 - All conclusions proved
Simplified VC: 45 - All conclusions proved
Simplified VC: 46 - All conclusions proved
Simplified VC: 47 - All conclusions proved
Simplified VC: 48 - All conclusions proved
Simplified VC: 49 - All conclusions proved
Simplified VC: 50 - All conclusions proved
Simplified VC: 51 - All conclusions proved
Simplified VC: 52 - All conclusions proved
Simplified VC: 53 - All conclusions proved
Simplified VC: 54 - All conclusions proved
Simplified VC: 55 - All conclusions proved
Simplified VC: 56 - All conclusions proved
Simplified VC: 57 - All conclusions proved
Simplified VC: 58 - All conclusions proved
Simplified VC: 59 - All conclusions proved
Simplified VC: 60 - All conclusions proved
Simplified VC: 61 - All conclusions proved
Simplified VC: 62 - All conclusions proved
Simplified VC: 63 - All conclusions proved
Simplified VC: 64 - All conclusions proved
Simplified VC: 65 - All conclusions proved
Simplified VC: 66 - All conclusions proved



Automatic simplification completed.

Simplified output sent to d:/sparkdev/tis2011/code/core/keystore/digest.siv.
