SPARK Simplifier GPL 2011
Copyright (C) 2011 Altran Praxis Limited, Bath, U.K.

Reading d:/sparkdev/tis2011/code/core/keystore/init.fdl (for inherited FDL type 
          declarations)
Reading d:/sparkdev/tis2011/code/core/keystore/keystore.rlu (for user-defined 
          proof rules)
Processing d:/sparkdev/tis2011/code/core/keystore/init.vcg ...
Simplified VC: 1 - All conclusions proved
Simplified VC: 2 - All conclusions proved
Simplified VC: 3 - All conclusions proved
Simplified VC: 4 - All conclusions proved
Simplified VC: 5 - All conclusions proved
Simplified VC: 6 - All conclusions proved
Simplified VC: 7 - All conclusions proved
Simplified VC: 8 - All conclusions proved
Simplified VC: 9 - All conclusions proved
Simplified VC: 10 - All conclusions proved
Simplified VC: 11 - All conclusions proved
Simplified VC: 12 - All conclusions proved
Simplified VC: 13 - All conclusions proved
Simplified VC: 14 - All conclusions proved
Simplified VC: 15 - All conclusions proved
Simplified VC: 16 - All conclusions proved
Simplified VC: 17 - All conclusions proved
Simplified VC: 18 - All conclusions proved



Automatic simplification completed.

Simplified output sent to d:/sparkdev/tis2011/code/core/keystore/init.siv.
