SPARK Simplifier GPL 2011
Copyright (C) 2011 Altran Praxis Limited, Bath, U.K.

Reading d:/sparkdev/tis2011/code/core/usertoken/readandcheck/checkprivcert.fdl (
          for inherited FDL type declarations)
Processing 
          d:/sparkdev/tis2011/code/core/usertoken/readandcheck/checkprivcert.vcg 
          ...
Simplified VC: 1 - All conclusions proved
Simplified VC: 2 - All conclusions proved
Simplified VC: 3 - All conclusions proved
Simplified VC: 4 - All conclusions proved
Simplified VC: 5 - All conclusions proved
Simplified VC: 6 - All conclusions proved
Simplified VC: 7 - All conclusions proved
Simplified VC: 8 - All conclusions proved
Simplified VC: 9 - All conclusions proved
Simplified VC: 10 - All conclusions proved
Simplified VC: 11 - All conclusions proved
Simplified VC: 12 - All conclusions proved
Simplified VC: 13 - All conclusions proved
Simplified VC: 14 - All conclusions proved
Simplified VC: 15 - All conclusions proved
Simplified VC: 16 - All conclusions proved



Automatic simplification completed.

Simplified output sent to 
          d:/sparkdev/tis2011/code/core/usertoken/readandcheck/checkprivcert.siv.
          
